15 Jan 2018 14:43:33,392 INFO  [main] bootLogger     - BitZeroServer alpha
15 Jan 2018 14:43:33,394 INFO  [main] bootLogger     - BitZeroEngine version: alpha{ main }
15 Jan 2018 14:43:33,395 INFO  [main] bootLogger     - System Info:
	Processor(s): 8
	VM Max. memory: 3808MB
	os.name: Windows 10
	os.arch: amd64
	os.version: 10.0
	java.version: 1.8.0_144
	java.vendor: Oracle Corporation
	java.vendor.url: http://java.oracle.com/
	java.vm.specification.version: 1.8
	java.vm.version: 25.144-b01
	java.vm.vendor: Oracle Corporation
	java.vm.name: Java HotSpot(TM) 64-Bit Server VM
	java.io.tmpdir: C:\Users\CPU105~1\AppData\Local\Temp\
	Default charset: windows-1252

15 Jan 2018 14:43:33,546 INFO  [main] bootLogger     - Network Info:
	Card: Software Loopback Interface 1
		 ->127.0.0.1
		 ->0:0:0:0:0:0:0:1
	Card: WAN Miniport (IPv6)
	Card: Intel(R) 82579LM Gigabit Network Connection
		 ->192.168.3.33
	Card: WAN Miniport (IKEv2)
	Card: WAN Miniport (SSTP)
	Card: WAN Miniport (IP)
	Card: Juniper Networks Virtual Adapter
	Card: Realtek RTL8188EU Wireless LAN 802.11n USB 2.0 Network Adapter
		 ->192.168.4.51
	Card: VirtualBox Host-Only Ethernet Adapter #2
		 ->192.168.99.1
	Card: VirtualBox Host-Only Ethernet Adapter
		 ->192.168.56.1
	Card: WAN Miniport (PPTP)
	Card: WAN Miniport (L2TP)
	Card: Bluetooth Device (RFCOMM Protocol TDI)
	Card: Juniper Networks Virtual Adapter Manager
	Card: Microsoft Wi-Fi Direct Virtual Adapter
	Card: WAN Miniport (PPPOE)
	Card: WAN Miniport (Network Monitor)
	Card: Juniper Networks Virtual Adapter #2
	Card: Microsoft Kernel Debug Network Adapter
	Card: Bluetooth Device (Personal Area Network)
	Card: Microsoft Wi-Fi Direct Virtual Adapter #2
	Card: VirtualBox Host-Only Ethernet Adapter-WFP Native MAC Layer LightWeight Filter-0000
	Card: VirtualBox Host-Only Ethernet Adapter-Juniper Network Service-0000
	Card: VirtualBox Host-Only Ethernet Adapter-QoS Packet Scheduler-0000
	Card: VirtualBox Host-Only Ethernet Adapter #2-WFP Native MAC Layer LightWeight Filter-0000
	Card: VirtualBox Host-Only Ethernet Adapter #2-Juniper Network Service-0000
	Card: VirtualBox Host-Only Ethernet Adapter #2-QoS Packet Scheduler-0000
	Card: Intel(R) 82579LM Gigabit Network Connection-WFP Native MAC Layer LightWeight Filter-0000
	Card: Intel(R) 82579LM Gigabit Network Connection-Juniper Network Service-0000
	Card: Intel(R) 82579LM Gigabit Network Connection-VirtualBox NDIS Light-Weight Filter-0000
	Card: Intel(R) 82579LM Gigabit Network Connection-QoS Packet Scheduler-0000
	Card: VirtualBox Host-Only Ethernet Adapter-WFP 802.3 MAC Layer LightWeight Filter-0000
	Card: VirtualBox Host-Only Ethernet Adapter #2-WFP 802.3 MAC Layer LightWeight Filter-0000
	Card: Intel(R) 82579LM Gigabit Network Connection-WFP 802.3 MAC Layer LightWeight Filter-0000
	Card: Realtek RTL8188EU Wireless LAN 802.11n USB 2.0 Network Adapter-WFP Native MAC Layer LightWeight Filter-0000
	Card: Realtek RTL8188EU Wireless LAN 802.11n USB 2.0 Network Adapter-Virtual WiFi Filter Driver-0000
	Card: Realtek RTL8188EU Wireless LAN 802.11n USB 2.0 Network Adapter-Native WiFi Filter Driver-0000
	Card: Realtek RTL8188EU Wireless LAN 802.11n USB 2.0 Network Adapter-Juniper Network Service-0000
	Card: Realtek RTL8188EU Wireless LAN 802.11n USB 2.0 Network Adapter-VirtualBox NDIS Light-Weight Filter-0000
	Card: Realtek RTL8188EU Wireless LAN 802.11n USB 2.0 Network Adapter-QoS Packet Scheduler-0000
	Card: Realtek RTL8188EU Wireless LAN 802.11n USB 2.0 Network Adapter-WFP 802.3 MAC Layer LightWeight Filter-0000
	Card: Microsoft Wi-Fi Direct Virtual Adapter-WFP Native MAC Layer LightWeight Filter-0000
	Card: WAN Miniport (IP)-WFP Native MAC Layer LightWeight Filter-0000
	Card: WAN Miniport (IP)-Juniper Network Service-0000
	Card: WAN Miniport (IP)-QoS Packet Scheduler-0000
	Card: WAN Miniport (IPv6)-WFP Native MAC Layer LightWeight Filter-0000
	Card: WAN Miniport (IPv6)-Juniper Network Service-0000
	Card: WAN Miniport (IPv6)-QoS Packet Scheduler-0000
	Card: WAN Miniport (Network Monitor)-WFP Native MAC Layer LightWeight Filter-0000
	Card: WAN Miniport (Network Monitor)-Juniper Network Service-0000
	Card: WAN Miniport (Network Monitor)-QoS Packet Scheduler-0000
	Card: Microsoft Wi-Fi Direct Virtual Adapter-Native WiFi Filter Driver-0000
	Card: Microsoft Wi-Fi Direct Virtual Adapter-Juniper Network Service-0000
	Card: Microsoft Wi-Fi Direct Virtual Adapter-VirtualBox NDIS Light-Weight Filter-0000
	Card: Microsoft Wi-Fi Direct Virtual Adapter-QoS Packet Scheduler-0000
	Card: Microsoft Wi-Fi Direct Virtual Adapter-WFP 802.3 MAC Layer LightWeight Filter-0000

15 Jan 2018 14:43:33,552 INFO  [main] bootLogger     - Session manager ready: bitzero.engine.sessions.DefaultSessionManager@5dd6264
15 Jan 2018 14:43:33,786 INFO  [main] bootLogger     - TCP Selector opened
15 Jan 2018 14:43:33,798 INFO  [main] bootLogger     - AcceptSelector opened
15 Jan 2018 14:43:33,802 INFO  [main] bootLogger     - Added bound tcp socket --> 127.0.0.1:1102
15 Jan 2018 14:43:33,803 INFO  [main] bootLogger     - Added bound tcp socket --> 127.0.0.1:1101
15 Jan 2018 14:43:33,804 INFO  [Scheduler1-thread-1] bootLogger     - Scheduler started: scheduler
15 Jan 2018 14:43:33,807 INFO  [main] bootLogger     - Controller started: bitzero.server.controllers.SystemController -- Queue: 0/20000
15 Jan 2018 14:43:33,808 INFO  [main] bootLogger     - Controller started: bitzero.server.controllers.ExtensionController -- Queue: 0/20000
15 Jan 2018 14:43:33,808 INFO  [main] bootLogger     - EngineAcceptor initialized
15 Jan 2018 14:43:33,888 INFO  [main] bootLogger     - Socket Writer started (pool size:4)
15 Jan 2018 14:43:33,891 INFO  [main] bootLogger     - Security Manager started
15 Jan 2018 14:43:33,895 INFO  [main] bootLogger     - IOHandler: bitzero.server.protocol.BZIoHandler@58a9760d
15 Jan 2018 14:43:33,895 INFO  [main] bootLogger     - EngineReader started
15 Jan 2018 14:43:33,895 INFO  [main] bootLogger     - [[[ ===--- Boot sequence complete ---=== ]]]
15 Jan 2018 14:44:24,053 INFO  [main] bootLogger     - BitZeroServer alpha
15 Jan 2018 14:44:24,055 INFO  [main] bootLogger     - BitZeroEngine version: alpha{ main }
15 Jan 2018 14:44:24,056 INFO  [main] bootLogger     - System Info:
	Processor(s): 8
	VM Max. memory: 3808MB
	os.name: Windows 10
	os.arch: amd64
	os.version: 10.0
	java.version: 1.8.0_144
	java.vendor: Oracle Corporation
	java.vendor.url: http://java.oracle.com/
	java.vm.specification.version: 1.8
	java.vm.version: 25.144-b01
	java.vm.vendor: Oracle Corporation
	java.vm.name: Java HotSpot(TM) 64-Bit Server VM
	java.io.tmpdir: C:\Users\CPU105~1\AppData\Local\Temp\
	Default charset: windows-1252

15 Jan 2018 14:44:24,188 INFO  [main] bootLogger     - Network Info:
	Card: Software Loopback Interface 1
		 ->127.0.0.1
		 ->0:0:0:0:0:0:0:1
	Card: WAN Miniport (IPv6)
	Card: Intel(R) 82579LM Gigabit Network Connection
		 ->192.168.3.33
	Card: WAN Miniport (IKEv2)
	Card: WAN Miniport (SSTP)
	Card: WAN Miniport (IP)
	Card: Juniper Networks Virtual Adapter
	Card: Realtek RTL8188EU Wireless LAN 802.11n USB 2.0 Network Adapter
		 ->192.168.4.51
	Card: VirtualBox Host-Only Ethernet Adapter #2
		 ->192.168.99.1
	Card: VirtualBox Host-Only Ethernet Adapter
		 ->192.168.56.1
	Card: WAN Miniport (PPTP)
	Card: WAN Miniport (L2TP)
	Card: Bluetooth Device (RFCOMM Protocol TDI)
	Card: Juniper Networks Virtual Adapter Manager
	Card: Microsoft Wi-Fi Direct Virtual Adapter
	Card: WAN Miniport (PPPOE)
	Card: WAN Miniport (Network Monitor)
	Card: Juniper Networks Virtual Adapter #2
	Card: Microsoft Kernel Debug Network Adapter
	Card: Bluetooth Device (Personal Area Network)
	Card: Microsoft Wi-Fi Direct Virtual Adapter #2
	Card: VirtualBox Host-Only Ethernet Adapter-WFP Native MAC Layer LightWeight Filter-0000
	Card: VirtualBox Host-Only Ethernet Adapter-Juniper Network Service-0000
	Card: VirtualBox Host-Only Ethernet Adapter-QoS Packet Scheduler-0000
	Card: VirtualBox Host-Only Ethernet Adapter #2-WFP Native MAC Layer LightWeight Filter-0000
	Card: VirtualBox Host-Only Ethernet Adapter #2-Juniper Network Service-0000
	Card: VirtualBox Host-Only Ethernet Adapter #2-QoS Packet Scheduler-0000
	Card: Intel(R) 82579LM Gigabit Network Connection-WFP Native MAC Layer LightWeight Filter-0000
	Card: Intel(R) 82579LM Gigabit Network Connection-Juniper Network Service-0000
	Card: Intel(R) 82579LM Gigabit Network Connection-VirtualBox NDIS Light-Weight Filter-0000
	Card: Intel(R) 82579LM Gigabit Network Connection-QoS Packet Scheduler-0000
	Card: VirtualBox Host-Only Ethernet Adapter-WFP 802.3 MAC Layer LightWeight Filter-0000
	Card: VirtualBox Host-Only Ethernet Adapter #2-WFP 802.3 MAC Layer LightWeight Filter-0000
	Card: Intel(R) 82579LM Gigabit Network Connection-WFP 802.3 MAC Layer LightWeight Filter-0000
	Card: Realtek RTL8188EU Wireless LAN 802.11n USB 2.0 Network Adapter-WFP Native MAC Layer LightWeight Filter-0000
	Card: Realtek RTL8188EU Wireless LAN 802.11n USB 2.0 Network Adapter-Virtual WiFi Filter Driver-0000
	Card: Realtek RTL8188EU Wireless LAN 802.11n USB 2.0 Network Adapter-Native WiFi Filter Driver-0000
	Card: Realtek RTL8188EU Wireless LAN 802.11n USB 2.0 Network Adapter-Juniper Network Service-0000
	Card: Realtek RTL8188EU Wireless LAN 802.11n USB 2.0 Network Adapter-VirtualBox NDIS Light-Weight Filter-0000
	Card: Realtek RTL8188EU Wireless LAN 802.11n USB 2.0 Network Adapter-QoS Packet Scheduler-0000
	Card: Realtek RTL8188EU Wireless LAN 802.11n USB 2.0 Network Adapter-WFP 802.3 MAC Layer LightWeight Filter-0000
	Card: Microsoft Wi-Fi Direct Virtual Adapter-WFP Native MAC Layer LightWeight Filter-0000
	Card: WAN Miniport (IP)-WFP Native MAC Layer LightWeight Filter-0000
	Card: WAN Miniport (IP)-Juniper Network Service-0000
	Card: WAN Miniport (IP)-QoS Packet Scheduler-0000
	Card: WAN Miniport (IPv6)-WFP Native MAC Layer LightWeight Filter-0000
	Card: WAN Miniport (IPv6)-Juniper Network Service-0000
	Card: WAN Miniport (IPv6)-QoS Packet Scheduler-0000
	Card: WAN Miniport (Network Monitor)-WFP Native MAC Layer LightWeight Filter-0000
	Card: WAN Miniport (Network Monitor)-Juniper Network Service-0000
	Card: WAN Miniport (Network Monitor)-QoS Packet Scheduler-0000
	Card: Microsoft Wi-Fi Direct Virtual Adapter-Native WiFi Filter Driver-0000
	Card: Microsoft Wi-Fi Direct Virtual Adapter-Juniper Network Service-0000
	Card: Microsoft Wi-Fi Direct Virtual Adapter-VirtualBox NDIS Light-Weight Filter-0000
	Card: Microsoft Wi-Fi Direct Virtual Adapter-QoS Packet Scheduler-0000
	Card: Microsoft Wi-Fi Direct Virtual Adapter-WFP 802.3 MAC Layer LightWeight Filter-0000

15 Jan 2018 14:44:24,194 INFO  [main] bootLogger     - Session manager ready: bitzero.engine.sessions.DefaultSessionManager@71be98f5
15 Jan 2018 14:44:24,375 INFO  [main] bootLogger     - TCP Selector opened
15 Jan 2018 14:44:24,386 INFO  [main] bootLogger     - AcceptSelector opened
15 Jan 2018 14:44:24,390 INFO  [main] bootLogger     - Added bound tcp socket --> 127.0.0.1:1102
15 Jan 2018 14:44:24,390 INFO  [main] bootLogger     - Added bound tcp socket --> 127.0.0.1:1101
15 Jan 2018 14:44:24,391 INFO  [Scheduler1-thread-1] bootLogger     - Scheduler started: scheduler
15 Jan 2018 14:44:24,395 INFO  [main] bootLogger     - Controller started: bitzero.server.controllers.SystemController -- Queue: 0/20000
15 Jan 2018 14:44:24,395 INFO  [main] bootLogger     - Controller started: bitzero.server.controllers.ExtensionController -- Queue: 0/20000
15 Jan 2018 14:44:24,395 INFO  [main] bootLogger     - EngineAcceptor initialized
15 Jan 2018 14:44:24,470 INFO  [main] bootLogger     - Socket Writer started (pool size:4)
15 Jan 2018 14:44:24,471 INFO  [main] bootLogger     - Security Manager started
15 Jan 2018 14:44:24,474 INFO  [main] bootLogger     - IOHandler: bitzero.server.protocol.BZIoHandler@464bee09
15 Jan 2018 14:44:24,475 INFO  [main] bootLogger     - EngineReader started
15 Jan 2018 14:44:24,475 INFO  [main] bootLogger     - [[[ ===--- Boot sequence complete ---=== ]]]
